<?xml version="1.0" encoding="UTF-8"?>
<!-- Generated by org.testng.reporters.JUnitReportReporter -->
<testsuite hostname="700-NB-M0KG" failures="0" tests="2" name="tests.LoginTest" time="12.253" errors="0" timestamp="2025-04-05T13:03:54 MSK" skipped="0">
  <testcase classname="tests.LoginTest" name="testLogOut" time="5.354"/>
  <testcase classname="tests.LoginTest" name="testAutorization" time="6.899"/>
</testsuite> <!-- tests.LoginTest -->
